0 info it worked if it ends with ok
1 verbose cli [ '/usr/bin/node', '/usr/bin/npm', 'run', 'serve' ]
2 info using npm@4.1.2
3 info using node@v7.5.0
4 verbose run-script [ 'preserve', 'serve', 'postserve' ]
5 info lifecycle cbbmatchups@0.0.1~preserve: cbbmatchups@0.0.1
6 silly lifecycle cbbmatchups@0.0.1~preserve: no script for preserve, continuing
7 info lifecycle cbbmatchups@0.0.1~serve: cbbmatchups@0.0.1
8 verbose lifecycle cbbmatchups@0.0.1~serve: unsafe-perm in lifecycle true
9 verbose lifecycle cbbmatchups@0.0.1~serve: PATH: /usr/lib/node_modules/npm/bin/node-gyp-bin:/home/jack/Webdev/CBBMatchups/node_modules/.bin:/usr/local/sbin:/usr/local/bin:/usr/bin:/usr/bin/site_perl:/usr/bin/vendor_perl:/usr/bin/core_perl
10 verbose lifecycle cbbmatchups@0.0.1~serve: CWD: /home/jack/Webdev/CBBMatchups
11 silly lifecycle cbbmatchups@0.0.1~serve: Args: [ '-c', 'webpack-dev-server' ]
12 silly lifecycle cbbmatchups@0.0.1~serve: Returned: code: 1  signal: null
13 info lifecycle cbbmatchups@0.0.1~serve: Failed to exec serve script
14 verbose stack Error: cbbmatchups@0.0.1 serve: `webpack-dev-server`
14 verbose stack Exit status 1
14 verbose stack     at EventEmitter.<anonymous> (/usr/lib/node_modules/npm/lib/utils/lifecycle.js:279:16)
14 verbose stack     at emitTwo (events.js:106:13)
14 verbose stack     at EventEmitter.emit (events.js:192:7)
14 verbose stack     at ChildProcess.<anonymous> (/usr/lib/node_modules/npm/lib/utils/spawn.js:40:14)
14 verbose stack     at emitTwo (events.js:106:13)
14 verbose stack     at ChildProcess.emit (events.js:192:7)
14 verbose stack     at maybeClose (internal/child_process.js:890:16)
14 verbose stack     at Process.ChildProcess._handle.onexit (internal/child_process.js:226:5)
15 verbose pkgid cbbmatchups@0.0.1
16 verbose cwd /home/jack/Webdev/CBBMatchups
17 error Linux 4.9.7-1-ARCH
18 error argv "/usr/bin/node" "/usr/bin/npm" "run" "serve"
19 error node v7.5.0
20 error npm  v4.1.2
21 error code ELIFECYCLE
22 error cbbmatchups@0.0.1 serve: `webpack-dev-server`
22 error Exit status 1
23 error Failed at the cbbmatchups@0.0.1 serve script 'webpack-dev-server'.
23 error Make sure you have the latest version of node.js and npm installed.
23 error If you do, this is most likely a problem with the cbbmatchups package,
23 error not with npm itself.
23 error Tell the author that this fails on your system:
23 error     webpack-dev-server
23 error You can get information on how to open an issue for this project with:
23 error     npm bugs cbbmatchups
23 error Or if that isn't available, you can get their info via:
23 error     npm owner ls cbbmatchups
23 error There is likely additional logging output above.
24 verbose exit [ 1, true ]
